<?xml version="1.0" encoding="UTF-8"?>
<!-- Generated by org.testng.reporters.JUnitReportReporter -->
<testsuite hostname="ROIAS4049776B" failures="0" tests="9" name="test.TestChallengingPomPage" time="30.301" errors="0" timestamp="2021-11-16T16:05:19 EET" skipped="0">
  <testcase classname="test.TestChallengingPomPage" name="checkButtons" time="26.048"/>
  <system-out/>
  <testcase classname="test.TestChallengingPomPage" name="checkEditLnk" time="0.295"/>
  <system-out/>
  <testcase classname="test.TestChallengingPomPage" name="checkIfBrowserIsOpen" time="0.210"/>
  <system-out/>
  <testcase classname="test.TestChallengingPomPage" name="checkLinksToGitHub" time="1.786"/>
  <system-out/>
  <testcase classname="test.TestChallengingPomPage" name="checkCanvasAnswer" time="0.454"/>
  <system-out/>
  <testcase classname="test.TestChallengingPomPage" name="checkDeleteLnk" time="0.279"/>
  <system-out/>
  <testcase classname="test.TestChallengingPomPage" name="checkPagetitle" time="0.313"/>
  <system-out/>
  <testcase classname="test.TestChallengingPomPage" name="checkTable" time="0.887"/>
  <system-out/>
  <testcase classname="test.TestChallengingPomPage" name="checkTextheader" time="0.029"/>
  <system-out/>
</testsuite> <!-- test.TestChallengingPomPage -->
