<?xml version="1.0" encoding="UTF-8"?>
<!-- Generated by org.testng.reporters.JUnitReportReporter -->
<testsuite hostname="ROIAS4049776B" failures="0" tests="1" name="test.TestChallengingPom" time="1.792" errors="0" timestamp="2021-11-13T14:38:00 EET" skipped="0">
  <testcase classname="test.TestChallengingPom" name="navigate_to_homepage" time="1.792"/>
  <system-out/>
</testsuite> <!-- test.TestChallengingPom -->
