<?xml version="1.0" encoding="UTF-8"?>
<!-- Generated by org.testng.reporters.JUnitReportReporter -->
<testsuite hostname="ROIAS4049776B" failures="0" tests="1" name="test.CheckPageTitle" time="2.877" errors="0" timestamp="2021-10-20T20:26:06 EEST" skipped="0">
  <testcase classname="test.CheckPageTitle" name="checkPageTitle" time="2.877"/>
  <system-out/>
</testsuite> <!-- test.CheckPageTitle -->
