<?xml version="1.0" encoding="UTF-8"?>
<!-- Generated by org.testng.reporters.JUnitReportReporter -->
<testsuite hostname="ROIAS4049776B" failures="0" tests="1" name="GoogleSearchTest_NG" time="3.868" errors="0" timestamp="2021-10-18T21:23:25 EEST" skipped="0">
  <testcase classname="GoogleSearchTest_NG" name="googleSearch" time="3.868"/>
  <system-out/>
</testsuite> <!-- GoogleSearchTest_NG -->
